0 info it worked if it ends with ok
1 verbose cli [ 'C:\\Program Files\\nodejs\\node.exe',
1 verbose cli   'C:\\Program Files\\nodejs\\node_modules\\npm\\bin\\npm-cli.js',
1 verbose cli   'install',
1 verbose cli   '--save',
1 verbose cli   'htmlmin' ]
2 info using npm@3.10.9
3 info using node@v7.1.0
4 verbose config Skipping project config: C:\Users\Administrator/.npmrc. (matches userconfig)
5 silly loadCurrentTree Starting
6 silly install loadCurrentTree
7 silly install readLocalPackageData
8 silly fetchPackageMetaData htmlmin
9 silly fetchNamedPackageData htmlmin
10 silly mapToRegistry name htmlmin
11 silly mapToRegistry using default registry
12 silly mapToRegistry registry https://registry.npmjs.org/
13 silly mapToRegistry data Result {
13 silly mapToRegistry   raw: 'htmlmin',
13 silly mapToRegistry   scope: null,
13 silly mapToRegistry   escapedName: 'htmlmin',
13 silly mapToRegistry   name: 'htmlmin',
13 silly mapToRegistry   rawSpec: '',
13 silly mapToRegistry   spec: 'latest',
13 silly mapToRegistry   type: 'tag' }
14 silly mapToRegistry uri https://registry.npmjs.org/htmlmin
15 verbose request uri https://registry.npmjs.org/htmlmin
16 verbose request no auth needed
17 info attempt registry request try #1 at 22:47:27
18 verbose request id 0606c7b56b0be241
19 http request GET https://registry.npmjs.org/htmlmin
20 http 200 https://registry.npmjs.org/htmlmin
21 verbose headers { server: 'nginx/1.10.1',
21 verbose headers   'content-type': 'application/json',
21 verbose headers   'last-modified': 'Sat, 10 Sep 2016 12:13:11 GMT',
21 verbose headers   etag: 'W/"57d3f8d7-288d"',
21 verbose headers   'content-encoding': 'gzip',
21 verbose headers   'cache-control': 'max-age=300',
21 verbose headers   'content-length': '2281',
21 verbose headers   'accept-ranges': 'bytes',
21 verbose headers   date: 'Mon, 05 Dec 2016 14:49:43 GMT',
21 verbose headers   via: '1.1 varnish',
21 verbose headers   age: '294',
21 verbose headers   connection: 'keep-alive',
21 verbose headers   'x-served-by': 'cache-ams4136-AMS',
21 verbose headers   'x-cache': 'HIT',
21 verbose headers   'x-cache-hits': '1',
21 verbose headers   'x-timer': 'S1480949383.483246,VS0,VE0',
21 verbose headers   vary: 'Accept-Encoding' }
22 silly get cb [ 200,
22 silly get   { server: 'nginx/1.10.1',
22 silly get     'content-type': 'application/json',
22 silly get     'last-modified': 'Sat, 10 Sep 2016 12:13:11 GMT',
22 silly get     etag: 'W/"57d3f8d7-288d"',
22 silly get     'content-encoding': 'gzip',
22 silly get     'cache-control': 'max-age=300',
22 silly get     'content-length': '2281',
22 silly get     'accept-ranges': 'bytes',
22 silly get     date: 'Mon, 05 Dec 2016 14:49:43 GMT',
22 silly get     via: '1.1 varnish',
22 silly get     age: '294',
22 silly get     connection: 'keep-alive',
22 silly get     'x-served-by': 'cache-ams4136-AMS',
22 silly get     'x-cache': 'HIT',
22 silly get     'x-cache-hits': '1',
22 silly get     'x-timer': 'S1480949383.483246,VS0,VE0',
22 silly get     vary: 'Accept-Encoding' } ]
23 verbose get saving htmlmin to C:\Users\Administrator\AppData\Roaming\npm-cache\registry.npmjs.org\htmlmin\.cache.json
24 verbose correctMkdir C:\Users\Administrator\AppData\Roaming\npm-cache correctMkdir not in flight; initializing
25 silly install normalizeTree
26 silly loadCurrentTree Finishing
27 silly loadIdealTree Starting
28 silly install loadIdealTree
29 silly cloneCurrentTree Starting
30 silly install cloneCurrentTreeToIdealTree
31 silly cloneCurrentTree Finishing
32 silly loadShrinkwrap Starting
33 silly install loadShrinkwrap
34 silly loadShrinkwrap Finishing
35 silly loadAllDepsIntoIdealTree Starting
36 silly install loadAllDepsIntoIdealTree
37 silly resolveWithNewModule htmlmin@0.0.7 checking installable status
38 silly cache add args [ 'htmlmin', null ]
39 verbose cache add spec htmlmin
40 silly cache add parsed spec Result {
40 silly cache add   raw: 'htmlmin',
40 silly cache add   scope: null,
40 silly cache add   escapedName: 'htmlmin',
40 silly cache add   name: 'htmlmin',
40 silly cache add   rawSpec: '',
40 silly cache add   spec: 'latest',
40 silly cache add   type: 'tag' }
41 silly addNamed htmlmin@latest
42 verbose addNamed "latest" is being treated as a dist-tag for htmlmin
43 info addNameTag [ 'htmlmin', 'latest' ]
44 silly mapToRegistry name htmlmin
45 silly mapToRegistry using default registry
46 silly mapToRegistry registry https://registry.npmjs.org/
47 silly mapToRegistry data Result {
47 silly mapToRegistry   raw: 'htmlmin',
47 silly mapToRegistry   scope: null,
47 silly mapToRegistry   escapedName: 'htmlmin',
47 silly mapToRegistry   name: 'htmlmin',
47 silly mapToRegistry   rawSpec: '',
47 silly mapToRegistry   spec: 'latest',
47 silly mapToRegistry   type: 'tag' }
48 silly mapToRegistry uri https://registry.npmjs.org/htmlmin
49 verbose addNameTag registry:https://registry.npmjs.org/htmlmin not in flight; fetching
50 verbose get https://registry.npmjs.org/htmlmin not expired, no request
51 silly addNameTag next cb for htmlmin with tag latest
52 silly addNamed htmlmin@0.0.7
53 verbose addNamed "0.0.7" is a plain semver version for htmlmin
54 silly mapToRegistry name htmlmin
55 silly mapToRegistry using default registry
56 silly mapToRegistry registry https://registry.npmjs.org/
57 silly mapToRegistry data Result {
57 silly mapToRegistry   raw: 'htmlmin',
57 silly mapToRegistry   scope: null,
57 silly mapToRegistry   escapedName: 'htmlmin',
57 silly mapToRegistry   name: 'htmlmin',
57 silly mapToRegistry   rawSpec: '',
57 silly mapToRegistry   spec: 'latest',
57 silly mapToRegistry   type: 'tag' }
58 silly mapToRegistry uri https://registry.npmjs.org/htmlmin
59 verbose addRemoteTarball https://registry.npmjs.org/htmlmin/-/htmlmin-0.0.7.tgz not in flight; adding
60 verbose addRemoteTarball [ 'https://registry.npmjs.org/htmlmin/-/htmlmin-0.0.7.tgz',
60 verbose addRemoteTarball   'b879880370393ebb6dd4074319cc9b50a20356df' ]
61 info retry fetch attempt 1 at 22:49:55
62 info attempt registry request try #1 at 22:49:55
63 http fetch GET https://registry.npmjs.org/htmlmin/-/htmlmin-0.0.7.tgz
64 verbose stack Error: kill ENOSYS
64 verbose stack     at exports._errnoException (util.js:1022:11)
64 verbose stack     at process.kill (internal/process.js:173:13)
64 verbose stack     at process.listener (C:\Program Files\nodejs\node_modules\npm\node_modules\npmlog\node_modules\gauge\node_modules\signal-exit\index.js:86:15)
64 verbose stack     at emitNone (events.js:91:20)
64 verbose stack     at process.emit (events.js:185:7)
64 verbose stack     at processEmit (C:\Program Files\nodejs\node_modules\npm\node_modules\npmlog\node_modules\gauge\node_modules\signal-exit\index.js:146:32)
64 verbose stack     at processEmit (C:\Program Files\nodejs\node_modules\npm\node_modules\npm-registry-client\node_modules\npmlog\node_modules\gauge\node_modules\signal-exit\index.js:146:32)
64 verbose stack     at Signal.wrap.onsignal (internal/process.js:200:44)
65 verbose cwd C:\Users\Administrator\Desktop\fisbaiduhed
66 error Windows_NT 6.1.7601
67 error argv "C:\\Program Files\\nodejs\\node.exe" "C:\\Program Files\\nodejs\\node_modules\\npm\\bin\\npm-cli.js" "install" "--save" "htmlmin"
68 error node v7.1.0
69 error npm  v3.10.9
70 error code ENOSYS
71 error errno ENOSYS
72 error syscall kill
73 error kill ENOSYS
74 error If you need help, you may report this error at:
74 error     <https://github.com/npm/npm/issues>
75 verbose exit [ 1, true ]
